<?xml version="1.0" encoding="UTF-8"?>
<!-- Generated by org.testng.reporters.JUnitXMLReporter -->
<testsuite ignored="0" hostname="DESKTOP-632O2B6" failures="0" tests="8" name="api_test" time="5.031" errors="0" timestamp="2021-08-11T10:39:53 EDT">
  <testcase classname="api_test.GetTestWithPathVariable" name="attemptToGetUserWithInvalidId" time="2.496"/>
  <testcase classname="api_test.GetTestWithPathVariable" name="getSingleUser" time="0.597"/>
  <testcase classname="api_test.GetTestWithQueryParameter" name="getUserWithQueryParameter" time="0.15"/>
  <testcase classname="api_test.SimpleDeleteTest" name="deleteSingleUser" time="0.297"/>
  <testcase classname="api_test.SimpleGetTest" name="getAllUsers" time="0.1"/>
  <testcase classname="api_test.SimplePatchTest" name="updateUserSingleField" time="0.524"/>
  <testcase classname="api_test.SimplePostTest" name="newUser" time="0.41"/>
  <testcase classname="api_test.SimplePutTest" name="updateUserFields" time="0.385"/>
</testsuite> <!-- api_test -->
