<?xml version="1.0" encoding="UTF-8"?>
<!-- Generated by org.testng.reporters.JUnitXMLReporter -->
<testsuite ignored="0" hostname="DESKTOP-632O2B6" failures="0" tests="8" name="api_test" time="3.836" errors="0" timestamp="2021-09-06T20:27:46 EDT">
  <testcase classname="api_test.GetTestWithPathVariable" name="attemptToGetUserWithInvalidId" time="1.971"/>
  <testcase classname="api_test.GetTestWithPathVariable" name="getSingleUser" time="0.406"/>
  <testcase classname="api_test.GetTestWithQueryParameter" name="getUserWithQueryParameter" time="0.094"/>
  <testcase classname="api_test.SimpleDeleteTest" name="deleteSingleUser" time="0.234"/>
  <testcase classname="api_test.SimpleGetTest" name="getAllUsers" time="0.094"/>
  <testcase classname="api_test.SimplePatchTest" name="updateUserSingleField" time="0.392"/>
  <testcase classname="api_test.SimplePostTest" name="newUser" time="0.332"/>
  <testcase classname="api_test.SimplePutTest" name="updateUserFields" time="0.297"/>
</testsuite> <!-- api_test -->
