<?xml version="1.0" encoding="UTF-8"?>
<!-- Generated by org.testng.reporters.JUnitXMLReporter -->
<testsuite ignored="0" hostname="DESKTOP-632O2B6" failures="0" tests="2" name="Mortgage Calculator" time="16.882" errors="0" timestamp="2021-08-11T10:39:48 EDT">
  <testcase classname="automation_test.CalculateMonthlyPayment" name="calculateMonthlyPayment" time="3.847"/>
  <testcase classname="automation_test.CalculateRealApr" name="calculateRealApr" time="4.963"/>
</testsuite> <!-- Mortgage Calculator -->
