<?xml version="1.0" encoding="UTF-8"?>
<!-- Generated by org.testng.reporters.JUnitXMLReporter -->
<testsuite ignored="0" hostname="DESKTOP-632O2B6" failures="0" tests="2" name="Mortgage Calculator" time="14.997" errors="0" timestamp="2021-09-06T20:27:43 EDT">
  <testcase classname="automation_test.CalculateMonthlyPayment" name="calculateMonthlyPayment" time="3.007"/>
  <testcase classname="automation_test.CalculateRealApr" name="calculateRealApr" time="4.015"/>
</testsuite> <!-- Mortgage Calculator -->
