<?xml version="1.0" encoding="UTF-8"?>
<testng-results ignored="0" total="10" passed="10" failed="0" skipped="0">
  <reporter-output>
  </reporter-output>
  <suite started-at="2021-09-06T20:27:28 EDT" name="test_automation" finished-at="2021-09-06T20:27:46 EDT" duration-ms="18848">
    <groups>
    </groups>
    <test started-at="2021-09-06T20:27:28 EDT" name="Mortgage Calculator" finished-at="2021-09-06T20:27:43 EDT" duration-ms="14997">
      <class name="automation_test.CalculateMonthlyPayment">
        <test-method is-config="true" signature="openBrowser()[pri:0, instance:automation_test.CalculateMonthlyPayment@2de366bb]" started-at="2021-09-06T20:27:28 EDT" name="openBrowser" finished-at="2021-09-06T20:27:32 EDT" duration-ms="4184" status="PASS">
          <reporter-output>
          </reporter-output>
        </test-method> <!-- openBrowser -->
        <test-method signature="calculateMonthlyPayment()[pri:0, instance:automation_test.CalculateMonthlyPayment@2de366bb]" started-at="2021-09-06T20:27:32 EDT" name="calculateMonthlyPayment" finished-at="2021-09-06T20:27:35 EDT" duration-ms="3007" status="PASS">
          <reporter-output>
          </reporter-output>
        </test-method> <!-- calculateMonthlyPayment -->
        <test-method is-config="true" signature="testCleanup()[pri:0, instance:automation_test.CalculateMonthlyPayment@2de366bb]" started-at="2021-09-06T20:27:35 EDT" name="testCleanup" finished-at="2021-09-06T20:27:36 EDT" duration-ms="655" status="PASS">
          <reporter-output>
          </reporter-output>
        </test-method> <!-- testCleanup -->
      </class> <!-- automation_test.CalculateMonthlyPayment -->
      <class name="automation_test.CalculateRealApr">
        <test-method is-config="true" signature="browserInitialization()[pri:0, instance:automation_test.CalculateRealApr@55e7a35c]" started-at="2021-09-06T20:27:36 EDT" name="browserInitialization" finished-at="2021-09-06T20:27:38 EDT" duration-ms="2391" status="PASS">
          <reporter-output>
          </reporter-output>
        </test-method> <!-- browserInitialization -->
        <test-method signature="calculateRealApr()[pri:0, instance:automation_test.CalculateRealApr@55e7a35c]" started-at="2021-09-06T20:27:38 EDT" name="calculateRealApr" finished-at="2021-09-06T20:27:42 EDT" duration-ms="4015" status="PASS">
          <reporter-output>
          </reporter-output>
        </test-method> <!-- calculateRealApr -->
        <test-method is-config="true" signature="testCleanUp()[pri:0, instance:automation_test.CalculateRealApr@55e7a35c]" started-at="2021-09-06T20:27:42 EDT" name="testCleanUp" finished-at="2021-09-06T20:27:43 EDT" duration-ms="638" status="PASS">
          <reporter-output>
          </reporter-output>
        </test-method> <!-- testCleanUp -->
      </class> <!-- automation_test.CalculateRealApr -->
    </test> <!-- Mortgage Calculator -->
    <test started-at="2021-09-06T20:27:43 EDT" name="api_test" finished-at="2021-09-06T20:27:46 EDT" duration-ms="3836">
      <class name="api_test.SimplePostTest">
        <test-method signature="newUser()[pri:0, instance:api_test.SimplePostTest@352c308]" started-at="2021-09-06T20:27:46 EDT" name="newUser" finished-at="2021-09-06T20:27:46 EDT" duration-ms="332" status="PASS">
          <reporter-output>
          </reporter-output>
        </test-method> <!-- newUser -->
      </class> <!-- api_test.SimplePostTest -->
      <class name="api_test.SimpleGetTest">
        <test-method signature="getAllUsers()[pri:0, instance:api_test.SimpleGetTest@41beb473]" started-at="2021-09-06T20:27:45 EDT" name="getAllUsers" finished-at="2021-09-06T20:27:45 EDT" duration-ms="94" status="PASS">
          <reporter-output>
          </reporter-output>
        </test-method> <!-- getAllUsers -->
      </class> <!-- api_test.SimpleGetTest -->
      <class name="api_test.SimplePatchTest">
        <test-method signature="updateUserSingleField()[pri:0, instance:api_test.SimplePatchTest@37fbe4a8]" started-at="2021-09-06T20:27:45 EDT" name="updateUserSingleField" finished-at="2021-09-06T20:27:46 EDT" duration-ms="392" status="PASS">
          <reporter-output>
          </reporter-output>
        </test-method> <!-- updateUserSingleField -->
      </class> <!-- api_test.SimplePatchTest -->
      <class name="api_test.SimplePutTest">
        <test-method signature="updateUserFields()[pri:0, instance:api_test.SimplePutTest@7d373bcf]" started-at="2021-09-06T20:27:46 EDT" name="updateUserFields" finished-at="2021-09-06T20:27:46 EDT" duration-ms="297" status="PASS">
          <reporter-output>
          </reporter-output>
        </test-method> <!-- updateUserFields -->
      </class> <!-- api_test.SimplePutTest -->
      <class name="api_test.SimpleDeleteTest">
        <test-method signature="deleteSingleUser()[pri:0, instance:api_test.SimpleDeleteTest@7adbd080]" started-at="2021-09-06T20:27:45 EDT" name="deleteSingleUser" finished-at="2021-09-06T20:27:45 EDT" duration-ms="234" status="PASS">
          <reporter-output>
          </reporter-output>
        </test-method> <!-- deleteSingleUser -->
      </class> <!-- api_test.SimpleDeleteTest -->
      <class name="api_test.GetTestWithPathVariable">
        <test-method signature="attemptToGetUserWithInvalidId()[pri:0, instance:api_test.GetTestWithPathVariable@3174cb09]" started-at="2021-09-06T20:27:43 EDT" name="attemptToGetUserWithInvalidId" finished-at="2021-09-06T20:27:45 EDT" duration-ms="1971" status="PASS">
          <reporter-output>
          </reporter-output>
        </test-method> <!-- attemptToGetUserWithInvalidId -->
        <test-method signature="getSingleUser()[pri:0, instance:api_test.GetTestWithPathVariable@3174cb09]" started-at="2021-09-06T20:27:45 EDT" name="getSingleUser" finished-at="2021-09-06T20:27:45 EDT" duration-ms="406" status="PASS">
          <reporter-output>
          </reporter-output>
        </test-method> <!-- getSingleUser -->
      </class> <!-- api_test.GetTestWithPathVariable -->
      <class name="api_test.GetTestWithQueryParameter">
        <test-method signature="getUserWithQueryParameter()[pri:0, instance:api_test.GetTestWithQueryParameter@4d411036]" started-at="2021-09-06T20:27:45 EDT" name="getUserWithQueryParameter" finished-at="2021-09-06T20:27:45 EDT" duration-ms="94" status="PASS">
          <reporter-output>
          </reporter-output>
        </test-method> <!-- getUserWithQueryParameter -->
      </class> <!-- api_test.GetTestWithQueryParameter -->
    </test> <!-- api_test -->
  </suite> <!-- test_automation -->
</testng-results>
