<?xml version="1.0" encoding="UTF-8"?>
<testsuite xmlns:xsi="http://www.w3.org/2001/XMLSchema-instance" xsi:noNamespaceSchemaLocation="https://maven.apache.org/surefire/maven-surefire-plugin/xsd/surefire-test-report-3.0.xsd" version="3.0" name="TestSuite" time="23.575" tests="10" errors="0" skipped="0" failures="0">
  <properties>
[...]
</properties>
  <testcase name="calculateMonthlyPayment" classname="automation_test.CalculateMonthlyPayment" time="3.779">
    <system-out><![CDATA[10:39:35.451 [main] INFO  automation_test.CalculateMonthlyPayment - Browser is successfully initiated with the URL:https://www.mortgagecalculator.org/
]]></system-out>
    <system-err><![CDATA[SLF4J: Failed to load class "org.slf4j.impl.StaticLoggerBinder".
SLF4J: Defaulting to no-operation (NOP) logger implementation
SLF4J: See http://www.slf4j.org/codes.html#StaticLoggerBinder for further details.
Starting ChromeDriver 92.0.4515.107 (87a818b10553a07434ea9e2b6dccf3cbe7895134-refs/branch-heads/4515@{#1634}) on port 6412
Only local connections are allowed.
Please see https://chromedriver.chromium.org/security-considerations for suggestions on keeping ChromeDriver safe.
ChromeDriver was started successfully.
Aug 11, 2021 10:39:33 AM org.openqa.selenium.remote.ProtocolHandshake createSession
INFO: Detected dialect: W3C
]]></system-err>
  </testcase>
  <testcase name="calculateRealApr" classname="automation_test.CalculateRealApr" time="4.918">
    <system-out><![CDATA[10:39:40.287 [main] INFO  automation_test.CalculateMonthlyPayment - Browser successfully close
10:39:42.870 [main] INFO  automation_test.CalculateRealApr - Browser is successfully initiated with the URL:https://www.mortgagecalculator.org/
]]></system-out>
    <system-err><![CDATA[Starting ChromeDriver 92.0.4515.107 (87a818b10553a07434ea9e2b6dccf3cbe7895134-refs/branch-heads/4515@{#1634}) on port 8982
Only local connections are allowed.
Please see https://chromedriver.chromium.org/security-considerations for suggestions on keeping ChromeDriver safe.
ChromeDriver was started successfully.
Aug 11, 2021 10:39:41 AM org.openqa.selenium.remote.ProtocolHandshake createSession
INFO: Detected dialect: W3C
]]></system-err>
  </testcase>
  <testcase name="attemptToGetUserWithInvalidId" classname="api_test.GetTestWithPathVariable" time="2.5">
    <system-out><![CDATA[10:39:48.532 [main] INFO  automation_test.CalculateRealApr - Browser close successfully
10:39:48.600 [main] INFO  api_test.GetTestWithPathVariable - ------------End Test:Attempt to retrieve User with Invalid Id
10:39:51.093 [main] INFO  api_test.GetTestWithPathVariable - ------------End Test:Attempt to retrieve User with Invalid Id
]]></system-out>
  </testcase>
  <testcase name="getSingleUser" classname="api_test.GetTestWithPathVariable" time="0.599">
    <system-out><![CDATA[10:39:51.099 [main] INFO  api_test.GetTestWithPathVariable - -------API Test:Read(GET) Single User with Path variable
10:39:51.693 [main] INFO  api_test.GetTestWithPathVariable - ------------End Test:Read(GET) Single User with Path Variable
]]></system-out>
  </testcase>
  <testcase name="getUserWithQueryParameter" classname="api_test.GetTestWithQueryParameter" time="0.166">
    <system-out><![CDATA[10:39:51.733 [main] INFO  api_test.GetTestWithQueryParameter - -------API Test:Read(GET) ALL Users with Query Parameter
[michael.lawson@reqres.in, lindsay.ferguson@reqres.in, tobias.funke@reqres.in, byron.fields@reqres.in, george.edwards@reqres.in, rachel.howell@reqres.in]
10:39:51.881 [main] INFO  api_test.GetTestWithQueryParameter - ------------End Test:Read(GET) All Users with query parameter
]]></system-out>
  </testcase>
  <testcase name="deleteSingleUser" classname="api_test.SimpleDeleteTest" time="0.293">
    <system-out><![CDATA[10:39:51.888 [main] INFO  api_test.SimpleDeleteTest - -------API Test:Delete single user
10:39:52.183 [main] INFO  api_test.SimpleDeleteTest - ------------End Test:Delete single user
]]></system-out>
  </testcase>
  <testcase name="getAllUsers" classname="api_test.SimpleGetTest" time="0.112">
    <system-out><![CDATA[10:39:52.189 [main] INFO  api_test.SimpleGetTest - -------API Test:Read(GET) ALL Users
[george.bluth@reqres.in, janet.weaver@reqres.in, emma.wong@reqres.in, eve.holt@reqres.in, charles.morris@reqres.in, tracey.ramos@reqres.in]
10:39:52.287 [main] INFO  api_test.SimpleGetTest - ------------End Test:Read(GET) All Users
]]></system-out>
  </testcase>
  <testcase name="updateUserSingleField" classname="api_test.SimplePatchTest" time="0.52">
    <system-out><![CDATA[10:39:52.292 [main] INFO  api_test.SimplePatchTest - ------------API Test: Update(Patch) User's single field
10:39:52.812 [main] INFO  api_test.SimplePatchTest - ------------End Test: Update(Patch) user's single field
]]></system-out>
  </testcase>
  <testcase name="newUser" classname="api_test.SimplePostTest" time="0.419">
    <system-out><![CDATA[10:39:52.819 [main] INFO  api_test.SimplePostTest - ------------API Test: Create a new user 
10:39:53.227 [main] INFO  api_test.SimplePostTest - ------------End Test: Create a new user 
]]></system-out>
  </testcase>
  <testcase name="updateUserFields" classname="api_test.SimplePutTest" time="0.401">
    <system-out><![CDATA[10:39:53.240 [main] INFO  api_test.SimplePutTest - ------------API Test: Update(PUT) User fields
10:39:53.614 [main] INFO  api_test.SimplePutTest - ------------End Test: Update(PUT) user fields
]]></system-out>
  </testcase>
</testsuite>