<?xml version="1.0" encoding="UTF-8"?>
<testsuite xmlns:xsi="http://www.w3.org/2001/XMLSchema-instance" xsi:noNamespaceSchemaLocation="https://maven.apache.org/surefire/maven-surefire-plugin/xsd/surefire-test-report-3.0.xsd" version="3.0" name="TestSuite" time="19.896" tests="10" errors="0" skipped="0" failures="0">
  <properties>
[...]
</properties>
  <testcase name="calculateMonthlyPayment" classname="automation_test.CalculateMonthlyPayment" time="2.988">
    <system-out><![CDATA[20:27:32.285 [main] INFO  automation_test.CalculateMonthlyPayment - Browser is successfully initiated with the URL:https://www.mortgagecalculator.org/
]]></system-out>
    <system-err><![CDATA[SLF4J: Failed to load class "org.slf4j.impl.StaticLoggerBinder".
SLF4J: Defaulting to no-operation (NOP) logger implementation
SLF4J: See http://www.slf4j.org/codes.html#StaticLoggerBinder for further details.
Starting ChromeDriver 92.0.4515.107 (87a818b10553a07434ea9e2b6dccf3cbe7895134-refs/branch-heads/4515@{#1634}) on port 18574
Only local connections are allowed.
Please see https://chromedriver.chromium.org/security-considerations for suggestions on keeping ChromeDriver safe.
ChromeDriver was started successfully.
Sep 06, 2021 8:27:30 PM org.openqa.selenium.remote.ProtocolHandshake createSession
INFO: Detected dialect: W3C
]]></system-err>
  </testcase>
  <testcase name="calculateRealApr" classname="automation_test.CalculateRealApr" time="3.973">
    <system-out><![CDATA[20:27:36.039 [main] INFO  automation_test.CalculateMonthlyPayment - Browser successfully close
20:27:38.429 [main] INFO  automation_test.CalculateRealApr - Browser is successfully initiated with the URL:https://www.mortgagecalculator.org/
]]></system-out>
    <system-err><![CDATA[Starting ChromeDriver 92.0.4515.107 (87a818b10553a07434ea9e2b6dccf3cbe7895134-refs/branch-heads/4515@{#1634}) on port 28453
Only local connections are allowed.
Please see https://chromedriver.chromium.org/security-considerations for suggestions on keeping ChromeDriver safe.
ChromeDriver was started successfully.
Sep 06, 2021 8:27:37 PM org.openqa.selenium.remote.ProtocolHandshake createSession
INFO: Detected dialect: W3C
]]></system-err>
  </testcase>
  <testcase name="attemptToGetUserWithInvalidId" classname="api_test.GetTestWithPathVariable" time="1.971">
    <system-out><![CDATA[20:27:43.086 [main] INFO  automation_test.CalculateRealApr - Browser close successfully
20:27:43.117 [main] INFO  api_test.GetTestWithPathVariable - ------------End Test:Attempt to retrieve User with Invalid Id
20:27:45.072 [main] INFO  api_test.GetTestWithPathVariable - ------------End Test:Attempt to retrieve User with Invalid Id
]]></system-out>
  </testcase>
  <testcase name="getSingleUser" classname="api_test.GetTestWithPathVariable" time="0.422">
    <system-out><![CDATA[20:27:45.088 [main] INFO  api_test.GetTestWithPathVariable - -------API Test:Read(GET) Single User with Path variable
20:27:45.494 [main] INFO  api_test.GetTestWithPathVariable - ------------End Test:Read(GET) Single User with Path Variable
]]></system-out>
  </testcase>
  <testcase name="getUserWithQueryParameter" classname="api_test.GetTestWithQueryParameter" time="0.094">
    <system-out><![CDATA[20:27:45.494 [main] INFO  api_test.GetTestWithQueryParameter - -------API Test:Read(GET) ALL Users with Query Parameter
[michael.lawson@reqres.in, lindsay.ferguson@reqres.in, tobias.funke@reqres.in, byron.fields@reqres.in, george.edwards@reqres.in, rachel.howell@reqres.in]
20:27:45.588 [main] INFO  api_test.GetTestWithQueryParameter - ------------End Test:Read(GET) All Users with query parameter
]]></system-out>
  </testcase>
  <testcase name="deleteSingleUser" classname="api_test.SimpleDeleteTest" time="0.218">
    <system-out><![CDATA[20:27:45.588 [main] INFO  api_test.SimpleDeleteTest - -------API Test:Delete single user
20:27:45.822 [main] INFO  api_test.SimpleDeleteTest - ------------End Test:Delete single user
]]></system-out>
  </testcase>
  <testcase name="getAllUsers" classname="api_test.SimpleGetTest" time="0.094">
    <system-out><![CDATA[20:27:45.822 [main] INFO  api_test.SimpleGetTest - -------API Test:Read(GET) ALL Users
[george.bluth@reqres.in, janet.weaver@reqres.in, emma.wong@reqres.in, eve.holt@reqres.in, charles.morris@reqres.in, tracey.ramos@reqres.in]
20:27:45.916 [main] INFO  api_test.SimpleGetTest - ------------End Test:Read(GET) All Users
]]></system-out>
  </testcase>
  <testcase name="updateUserSingleField" classname="api_test.SimplePatchTest" time="0.403">
    <system-out><![CDATA[20:27:45.916 [main] INFO  api_test.SimplePatchTest - ------------API Test: Update(Patch) User's single field
20:27:46.308 [main] INFO  api_test.SimplePatchTest - ------------End Test: Update(Patch) user's single field
]]></system-out>
  </testcase>
  <testcase name="newUser" classname="api_test.SimplePostTest" time="0.321">
    <system-out><![CDATA[20:27:46.308 [main] INFO  api_test.SimplePostTest - ------------API Test: Create a new user 
20:27:46.640 [main] INFO  api_test.SimplePostTest - ------------End Test: Create a new user 
]]></system-out>
  </testcase>
  <testcase name="updateUserFields" classname="api_test.SimplePutTest" time="0.311">
    <system-out><![CDATA[20:27:46.640 [main] INFO  api_test.SimplePutTest - ------------API Test: Update(PUT) User fields
20:27:46.937 [main] INFO  api_test.SimplePutTest - ------------End Test: Update(PUT) user fields
]]></system-out>
  </testcase>
</testsuite>